<?xml version="1.0" encoding="UTF-8"?>
<!-- Generated by org.testng.reporters.JUnitReportReporter -->
<testsuite hostname="SaiMadhuri" failures="0" tests="2" name="com.celtic.automation.cmcs.testrunner.ParallelTestRunner" time="1554.303" errors="0" timestamp="2023-01-19T12:50:43 IST" skipped="0">
  <testcase classname="com.celtic.automation.cmcs.testrunner.ParallelTestRunner" name="runScenario" time="736.791"/>
  <system-out/>
  <testcase classname="com.celtic.automation.cmcs.testrunner.ParallelTestRunner" name="runScenario" time="817.512"/>
  <system-out/>
</testsuite> <!-- com.celtic.automation.cmcs.testrunner.ParallelTestRunner -->
