<?xml version="1.0" encoding="UTF-8"?>
<!-- Generated by org.testng.reporters.JUnitReportReporter -->
<testsuite hostname="DESKTOP-TDN93MH" failures="0" tests="3" name="com.celtic.automation.cmcs.testrunner.MyTestRunner" time="1999.757" errors="0" timestamp="2023-01-24T12:09:24 IST" skipped="0">
  <testcase classname="com.celtic.automation.cmcs.testrunner.MyTestRunner" name="runScenario" time="737.827"/>
  <system-out/>
  <testcase classname="com.celtic.automation.cmcs.testrunner.MyTestRunner" name="runScenario" time="756.025"/>
  <system-out/>
  <testcase classname="com.celtic.automation.cmcs.testrunner.MyTestRunner" name="runScenario" time="505.905"/>
  <system-out/>
</testsuite> <!-- com.celtic.automation.cmcs.testrunner.MyTestRunner -->
