<?xml version="1.0" encoding="UTF-8"?>
<!-- Generated by org.testng.reporters.JUnitReportReporter -->
<testsuite hostname="SaiMadhuri" failures="0" tests="1" name="com.celtic.automation.cmcs.testrunner.RWC002TestRunner" time="1145.785" errors="0" timestamp="2023-01-16T11:27:17 IST" skipped="0">
  <testcase classname="com.celtic.automation.cmcs.testrunner.RWC002TestRunner" name="runScenario" time="1145.785"/>
  <system-out/>
</testsuite> <!-- com.celtic.automation.cmcs.testrunner.RWC002TestRunner -->
